
Model: camembert/camembert-base
Train set: 29608
Validation set: 3144
Test set: 776
roberta.encoder.layer.0.attention.self.query.weight       (768, 768)
roberta.encoder.layer.0.attention.self.query.bias             (768,)
roberta.encoder.layer.0.attention.self.key.weight         (768, 768)
roberta.encoder.layer.0.attention.self.key.bias               (768,)
roberta.encoder.layer.0.attention.self.value.weight       (768, 768)
roberta.encoder.layer.0.attention.self.value.bias             (768,)
roberta.encoder.layer.0.attention.output.dense.weight     (768, 768)
roberta.encoder.layer.0.attention.output.dense.bias           (768,)
roberta.encoder.layer.0.attention.output.LayerNorm.weight       (768,)
roberta.encoder.layer.0.attention.output.LayerNorm.bias       (768,)
roberta.encoder.layer.0.intermediate.dense.weight        (3072, 768)
roberta.encoder.layer.0.intermediate.dense.bias              (3072,)
roberta.encoder.layer.0.output.dense.weight              (768, 3072)
roberta.encoder.layer.0.output.dense.bias                     (768,)
roberta.encoder.layer.0.output.LayerNorm.weight               (768,)
roberta.encoder.layer.0.output.LayerNorm.bias                 (768,)
	======== Epoch 1 / 4 ========
Training...