
Model: camembert/camembert-large
Train set: 99997
Validation set: 12499
Test set: 12499
roberta.encoder.layer.0.attention.self.query.weight     (1024, 1024)
roberta.encoder.layer.0.attention.self.query.bias            (1024,)
roberta.encoder.layer.0.attention.self.key.weight       (1024, 1024)
roberta.encoder.layer.0.attention.self.key.bias              (1024,)
roberta.encoder.layer.0.attention.self.value.weight     (1024, 1024)
roberta.encoder.layer.0.attention.self.value.bias            (1024,)
roberta.encoder.layer.0.attention.output.dense.weight   (1024, 1024)
roberta.encoder.layer.0.attention.output.dense.bias          (1024,)
roberta.encoder.layer.0.attention.output.LayerNorm.weight      (1024,)
roberta.encoder.layer.0.attention.output.LayerNorm.bias      (1024,)
roberta.encoder.layer.0.intermediate.dense.weight       (4096, 1024)
roberta.encoder.layer.0.intermediate.dense.bias              (4096,)
roberta.encoder.layer.0.output.dense.weight             (1024, 4096)
roberta.encoder.layer.0.output.dense.bias                    (1024,)
roberta.encoder.layer.0.output.LayerNorm.weight              (1024,)
roberta.encoder.layer.0.output.LayerNorm.bias                (1024,)
	======== Epoch 1 / 4 ========
Training...